<?xml version="1.0" encoding="UTF-8"?>
<testng-results ignored="0" total="6" passed="6" failed="0" skipped="0">
  <reporter-output>
  </reporter-output>
  <suite started-at="2025-07-14T13:48:54 EET" name="Default suite" finished-at="2025-07-14T13:49:00 EET" duration-ms="5226">
    <groups>
    </groups>
    <test started-at="2025-07-14T13:48:54 EET" name="Default test" finished-at="2025-07-14T13:49:00 EET" duration-ms="5226">
      <class name="Login.TestCase">
        <test-method is-config="true" signature="mySetup()[pri:0, instance:Login.TestCase@180da663]" started-at="2025-07-14T13:48:54 EET" name="mySetup" finished-at="2025-07-14T13:48:56 EET" duration-ms="1327" status="PASS">
          <reporter-output>
          </reporter-output>
        </test-method> <!-- mySetup -->
        <test-method signature="login()[pri:1, instance:Login.TestCase@180da663]" started-at="2025-07-14T13:48:56 EET" name="login" finished-at="2025-07-14T13:48:56 EET" duration-ms="516" status="PASS">
          <reporter-output>
          </reporter-output>
        </test-method> <!-- login -->
        <test-method signature="addtocart()[pri:2, instance:Login.TestCase@180da663]" started-at="2025-07-14T13:48:56 EET" name="addtocart" finished-at="2025-07-14T13:48:57 EET" duration-ms="214" status="PASS">
          <reporter-output>
          </reporter-output>
        </test-method> <!-- addtocart -->
        <test-method signature="RemoveFromCart()[pri:3, instance:Login.TestCase@180da663]" started-at="2025-07-14T13:48:57 EET" name="RemoveFromCart" finished-at="2025-07-14T13:48:57 EET" duration-ms="135" status="PASS">
          <reporter-output>
          </reporter-output>
        </test-method> <!-- RemoveFromCart -->
        <test-method signature="AddAllItemsToTheCart()[pri:4, instance:Login.TestCase@180da663]" started-at="2025-07-14T13:48:57 EET" name="AddAllItemsToTheCart" finished-at="2025-07-14T13:48:57 EET" duration-ms="407" status="PASS">
          <reporter-output>
          </reporter-output>
        </test-method> <!-- AddAllItemsToTheCart -->
        <test-method signature="cheickout()[pri:5, instance:Login.TestCase@180da663]" started-at="2025-07-14T13:48:57 EET" name="cheickout" finished-at="2025-07-14T13:48:58 EET" duration-ms="802" status="PASS">
          <reporter-output>
          </reporter-output>
        </test-method> <!-- cheickout -->
        <test-method signature="logout()[pri:6, instance:Login.TestCase@180da663]" started-at="2025-07-14T13:48:58 EET" name="logout" finished-at="2025-07-14T13:48:59 EET" duration-ms="1407" status="PASS">
          <reporter-output>
          </reporter-output>
        </test-method> <!-- logout -->
        <test-method is-config="true" signature="afterthetestisdone()[pri:0, instance:Login.TestCase@180da663]" started-at="2025-07-14T13:48:59 EET" name="afterthetestisdone" finished-at="2025-07-14T13:49:00 EET" duration-ms="186" status="PASS">
          <reporter-output>
          </reporter-output>
        </test-method> <!-- afterthetestisdone -->
      </class> <!-- Login.TestCase -->
    </test> <!-- Default test -->
  </suite> <!-- Default suite -->
</testng-results>
